2018-02-07 10:31:56,192 INFO  [org.jboss.as.server] (Thread-2) WFLYSRV0220: Server shutdown has been requested via an OS signal
2018-02-07 10:31:56,488 INFO  [org.jboss.as.connector.subsystems.datasources] (MSC service thread 1-3) WFLYJCA0010: Unbound data source [java:jboss/datasources/KeycloakDS]
2018-02-07 10:31:56,507 INFO  [org.wildfly.extension.undertow] (MSC service thread 1-2) WFLYUT0008: Undertow HTTPS listener https suspending
2018-02-07 10:31:56,508 INFO  [org.wildfly.extension.undertow] (MSC service thread 1-2) WFLYUT0007: Undertow HTTPS listener https stopped, was bound to 127.0.0.1:8543
2018-02-07 10:31:56,511 INFO  [org.wildfly.extension.undertow] (ServerService Thread Pool -- 56) WFLYUT0022: Unregistered web context: '/auth' from server 'default-server'
2018-02-07 10:31:56,869 INFO  [org.jboss.as.connector.subsystems.datasources] (MSC service thread 1-8) WFLYJCA0010: Unbound data source [java:jboss/datasources/ExampleDS]
2018-02-07 10:31:56,870 INFO  [org.wildfly.extension.undertow] (MSC service thread 1-4) WFLYUT0019: Host default-host stopping
2018-02-07 10:31:56,871 INFO  [org.jboss.as.connector.deployers.jdbc] (MSC service thread 1-5) WFLYJCA0019: Stopped Driver service with driver-name = h2
2018-02-07 10:31:56,930 INFO  [org.jboss.as.clustering.infinispan] (ServerService Thread Pool -- 60) WFLYCLINF0003: Stopped keys cache from keycloak container
2018-02-07 10:31:56,942 INFO  [org.jboss.as.clustering.infinispan] (ServerService Thread Pool -- 63) WFLYCLINF0003: Stopped realms cache from keycloak container
2018-02-07 10:31:56,942 INFO  [org.jboss.as.clustering.infinispan] (ServerService Thread Pool -- 64) WFLYCLINF0003: Stopped work cache from keycloak container
2018-02-07 10:31:56,942 INFO  [org.jboss.as.clustering.infinispan] (ServerService Thread Pool -- 61) WFLYCLINF0003: Stopped offlineSessions cache from keycloak container
2018-02-07 10:31:56,943 INFO  [org.jboss.as.clustering.infinispan] (ServerService Thread Pool -- 56) WFLYCLINF0003: Stopped users cache from keycloak container
2018-02-07 10:31:56,944 INFO  [org.jboss.as.server.deployment] (MSC service thread 1-7) WFLYSRV0028: Stopped deployment keycloak-server.war (runtime-name: keycloak-server.war) in 693ms
2018-02-07 10:31:56,945 INFO  [org.jboss.as.clustering.infinispan] (ServerService Thread Pool -- 62) WFLYCLINF0003: Stopped authenticationSessions cache from keycloak container
2018-02-07 10:31:56,946 INFO  [org.jboss.as.clustering.infinispan] (ServerService Thread Pool -- 67) WFLYCLINF0003: Stopped loginFailures cache from keycloak container
2018-02-07 10:31:56,946 INFO  [org.jboss.as.clustering.infinispan] (ServerService Thread Pool -- 66) WFLYCLINF0003: Stopped authorization cache from keycloak container
2018-02-07 10:31:56,947 INFO  [org.jboss.as.clustering.infinispan] (ServerService Thread Pool -- 68) WFLYCLINF0003: Stopped actionTokens cache from keycloak container
2018-02-07 10:31:56,947 INFO  [org.jboss.as.clustering.infinispan] (ServerService Thread Pool -- 65) WFLYCLINF0003: Stopped sessions cache from keycloak container
2018-02-07 10:31:56,950 INFO  [org.jboss.as.clustering.infinispan] (MSC service thread 1-7) WFLYCLINF0003: Stopped authorizationRevisions cache from keycloak container
2018-02-07 10:31:56,952 INFO  [org.jboss.as.clustering.infinispan] (MSC service thread 1-7) WFLYCLINF0003: Stopped realmRevisions cache from keycloak container
2018-02-07 10:31:56,953 INFO  [org.jboss.as.clustering.infinispan] (MSC service thread 1-7) WFLYCLINF0003: Stopped userRevisions cache from keycloak container
2018-02-07 10:31:57,153 INFO  [org.wildfly.extension.undertow] (MSC service thread 1-6) WFLYUT0008: Undertow HTTP listener default suspending
2018-02-07 10:31:57,153 INFO  [org.wildfly.extension.undertow] (MSC service thread 1-6) WFLYUT0007: Undertow HTTP listener default stopped, was bound to 127.0.0.1:8180
2018-02-07 10:31:57,154 INFO  [org.jboss.as.clustering.infinispan] (ServerService Thread Pool -- 59) WFLYCLINF0003: Stopped client-mappings cache from ejb container
2018-02-07 10:31:57,172 INFO  [org.wildfly.extension.undertow] (MSC service thread 1-7) WFLYUT0004: Undertow 1.4.18.Final stopping
2018-02-07 10:31:57,367 INFO  [org.jboss.as] (MSC service thread 1-2) WFLYSRV0050: Keycloak 3.4.0.Final (WildFly Core 3.0.1.Final) stopped in 915ms
2018-02-07 17:54:56,644 INFO  [org.jboss.modules] (main) JBoss Modules version 1.6.0.Final
2018-02-07 17:54:58,564 INFO  [org.jboss.msc] (main) JBoss MSC version 1.2.7.SP1
2018-02-07 17:54:59,139 INFO  [org.jboss.as] (MSC service thread 1-8) WFLYSRV0049: Keycloak 3.4.0.Final (WildFly Core 3.0.1.Final) starting
2018-02-07 17:54:59,140 DEBUG [org.jboss.as.config] (MSC service thread 1-8) Configured system properties:
	[Standalone] = 
	awt.toolkit = sun.awt.X11.XToolkit
	file.encoding = UTF-8
	file.encoding.pkg = sun.io
	file.separator = /
	java.awt.graphicsenv = sun.awt.X11GraphicsEnvironment
	java.awt.headless = true
	java.awt.printerjob = sun.print.PSPrinterJob
	java.class.path = /home/chlupnoha/IdeaProjects/jee/keycloak/keycloak-3.4.0.Final/jboss-modules.jar
	java.class.version = 52.0
	java.endorsed.dirs = /usr/lib/jvm/java-8-openjdk-amd64/jre/lib/endorsed
	java.ext.dirs = /usr/lib/jvm/java-8-openjdk-amd64/jre/lib/ext:/usr/java/packages/lib/ext
	java.home = /usr/lib/jvm/java-8-openjdk-amd64/jre
	java.io.tmpdir = /tmp
	java.library.path = /usr/java/packages/lib/amd64:/usr/lib/x86_64-linux-gnu/jni:/lib/x86_64-linux-gnu:/usr/lib/x86_64-linux-gnu:/usr/lib/jni:/lib:/usr/lib
	java.net.preferIPv4Stack = true
	java.runtime.name = OpenJDK Runtime Environment
	java.runtime.version = 1.8.0_151-8u151-b12-0ubuntu0.16.04.2-b12
	java.specification.name = Java Platform API Specification
	java.specification.vendor = Oracle Corporation
	java.specification.version = 1.8
	java.util.logging.manager = org.jboss.logmanager.LogManager
	java.vendor = Oracle Corporation
	java.vendor.url = http://java.oracle.com/
	java.vendor.url.bug = http://bugreport.sun.com/bugreport/
	java.version = 1.8.0_151
	java.vm.info = mixed mode
	java.vm.name = OpenJDK 64-Bit Server VM
	java.vm.specification.name = Java Virtual Machine Specification
	java.vm.specification.vendor = Oracle Corporation
	java.vm.specification.version = 1.8
	java.vm.vendor = Oracle Corporation
	java.vm.version = 25.151-b12
	javax.management.builder.initial = org.jboss.as.jmx.PluggableMBeanServerBuilder
	javax.xml.datatype.DatatypeFactory = __redirected.__DatatypeFactory
	javax.xml.parsers.DocumentBuilderFactory = __redirected.__DocumentBuilderFactory
	javax.xml.parsers.SAXParserFactory = __redirected.__SAXParserFactory
	javax.xml.stream.XMLEventFactory = __redirected.__XMLEventFactory
	javax.xml.stream.XMLInputFactory = __redirected.__XMLInputFactory
	javax.xml.stream.XMLOutputFactory = __redirected.__XMLOutputFactory
	javax.xml.transform.TransformerFactory = __redirected.__TransformerFactory
	javax.xml.validation.SchemaFactory:http://www.w3.org/2001/XMLSchema = __redirected.__SchemaFactory
	javax.xml.xpath.XPathFactory:http://java.sun.com/jaxp/xpath/dom = __redirected.__XPathFactory
	jboss.home.dir = /home/chlupnoha/IdeaProjects/jee/keycloak/keycloak-3.4.0.Final
	jboss.host.name = chlupnoha-z97-d3h
	jboss.modules.dir = /home/chlupnoha/IdeaProjects/jee/keycloak/keycloak-3.4.0.Final/modules
	jboss.modules.system.pkgs = org.jboss.byteman
	jboss.node.name = chlupnoha-z97-d3h
	jboss.qualified.host.name = chlupnoha-z97-d3h
	jboss.server.base.dir = /home/chlupnoha/IdeaProjects/jee/keycloak/keycloak-3.4.0.Final/standalone
	jboss.server.config.dir = /home/chlupnoha/IdeaProjects/jee/keycloak/keycloak-3.4.0.Final/standalone/configuration
	jboss.server.data.dir = /home/chlupnoha/IdeaProjects/jee/keycloak/keycloak-3.4.0.Final/standalone/data
	jboss.server.deploy.dir = /home/chlupnoha/IdeaProjects/jee/keycloak/keycloak-3.4.0.Final/standalone/data/content
	jboss.server.log.dir = /home/chlupnoha/IdeaProjects/jee/keycloak/keycloak-3.4.0.Final/standalone/log
	jboss.server.name = chlupnoha-z97-d3h
	jboss.server.persist.config = true
	jboss.server.temp.dir = /home/chlupnoha/IdeaProjects/jee/keycloak/keycloak-3.4.0.Final/standalone/tmp
	jboss.socket.binding.port-offset = 100
	line.separator = 

	logging.configuration = file:/home/chlupnoha/IdeaProjects/jee/keycloak/keycloak-3.4.0.Final/standalone/configuration/logging.properties
	module.path = /home/chlupnoha/IdeaProjects/jee/keycloak/keycloak-3.4.0.Final/modules
	org.jboss.boot.log.file = /home/chlupnoha/IdeaProjects/jee/keycloak/keycloak-3.4.0.Final/standalone/log/server.log
	org.jboss.resolver.warning = true
	org.xml.sax.driver = __redirected.__XMLReaderFactory
	os.arch = amd64
	os.name = Linux
	os.version = 4.13.0-32-generic
	path.separator = :
	sun.arch.data.model = 64
	sun.boot.class.path = /usr/lib/jvm/java-8-openjdk-amd64/jre/lib/resources.jar:/usr/lib/jvm/java-8-openjdk-amd64/jre/lib/rt.jar:/usr/lib/jvm/java-8-openjdk-amd64/jre/lib/sunrsasign.jar:/usr/lib/jvm/java-8-openjdk-amd64/jre/lib/jsse.jar:/usr/lib/jvm/java-8-openjdk-amd64/jre/lib/jce.jar:/usr/lib/jvm/java-8-openjdk-amd64/jre/lib/charsets.jar:/usr/lib/jvm/java-8-openjdk-amd64/jre/lib/jfr.jar:/usr/lib/jvm/java-8-openjdk-amd64/jre/classes
	sun.boot.library.path = /usr/lib/jvm/java-8-openjdk-amd64/jre/lib/amd64
	sun.cpu.endian = little
	sun.cpu.isalist = 
	sun.desktop = gnome
	sun.io.unicode.encoding = UnicodeLittle
	sun.java.command = /home/chlupnoha/IdeaProjects/jee/keycloak/keycloak-3.4.0.Final/jboss-modules.jar -mp /home/chlupnoha/IdeaProjects/jee/keycloak/keycloak-3.4.0.Final/modules org.jboss.as.standalone -Djboss.home.dir=/home/chlupnoha/IdeaProjects/jee/keycloak/keycloak-3.4.0.Final -Djboss.server.base.dir=/home/chlupnoha/IdeaProjects/jee/keycloak/keycloak-3.4.0.Final/standalone -Djboss.socket.binding.port-offset=100
	sun.java.launcher = SUN_STANDARD
	sun.jnu.encoding = UTF-8
	sun.management.compiler = HotSpot 64-Bit Tiered Compilers
	sun.os.patch.level = unknown
	user.country = US
	user.dir = /home/chlupnoha/IdeaProjects/jee
	user.home = /home/chlupnoha
	user.language = en
	user.name = chlupnoha
	user.timezone = Europe/Prague
2018-02-07 17:54:59,141 DEBUG [org.jboss.as.config] (MSC service thread 1-8) VM Arguments: -D[Standalone] -Xms64m -Xmx512m -XX:MetaspaceSize=96M -XX:MaxMetaspaceSize=256m -Djava.net.preferIPv4Stack=true -Djboss.modules.system.pkgs=org.jboss.byteman -Djava.awt.headless=true -Dorg.jboss.boot.log.file=/home/chlupnoha/IdeaProjects/jee/keycloak/keycloak-3.4.0.Final/standalone/log/server.log -Dlogging.configuration=file:/home/chlupnoha/IdeaProjects/jee/keycloak/keycloak-3.4.0.Final/standalone/configuration/logging.properties 
2018-02-07 17:55:03,354 INFO  [org.jboss.as.controller.management-deprecated] (Controller Boot Thread) WFLYCTL0028: Attribute 'security-realm' in the resource at address '/core-service=management/management-interface=http-interface' is deprecated, and may be removed in future version. See the attribute description in the output of the read-resource-description operation to learn more about the deprecation.
2018-02-07 17:55:03,379 INFO  [org.jboss.as.controller.management-deprecated] (ServerService Thread Pool -- 8) WFLYCTL0028: Attribute 'security-realm' in the resource at address '/subsystem=undertow/server=default-server/https-listener=https' is deprecated, and may be removed in future version. See the attribute description in the output of the read-resource-description operation to learn more about the deprecation.
2018-02-07 17:55:03,393 INFO  [org.wildfly.security] (ServerService Thread Pool -- 4) ELY00001: WildFly Elytron version 1.1.1.Final
2018-02-07 17:55:03,510 INFO  [org.jboss.as.server] (Controller Boot Thread) WFLYSRV0039: Creating http management service using socket-binding (management-http)
2018-02-07 17:55:03,548 INFO  [org.xnio] (MSC service thread 1-3) XNIO version 3.5.1.Final
2018-02-07 17:55:03,553 INFO  [org.xnio.nio] (MSC service thread 1-3) XNIO NIO Implementation Version 3.5.1.Final
2018-02-07 17:55:03,668 INFO  [org.jboss.remoting] (MSC service thread 1-5) JBoss Remoting version 5.0.0.Final
2018-02-07 17:55:03,756 INFO  [org.jboss.as.clustering.infinispan] (ServerService Thread Pool -- 31) WFLYCLINF0001: Activating Infinispan subsystem.
2018-02-07 17:55:03,758 INFO  [org.jboss.as.security] (ServerService Thread Pool -- 42) WFLYSEC0002: Activating Security Subsystem
2018-02-07 17:55:03,763 INFO  [org.wildfly.extension.io] (ServerService Thread Pool -- 30) WFLYIO001: Worker 'default' has auto-configured to 8 core threads with 64 task threads based on your 4 available processors
2018-02-07 17:55:03,761 WARN  [org.jboss.as.txn] (ServerService Thread Pool -- 43) WFLYTX0013: The node-identifier attribute on the /subsystem=transactions is set to the default value. This is a danger for environments running multiple servers. Please make sure the attribute value is unique.
2018-02-07 17:55:03,776 INFO  [org.jboss.as.connector] (MSC service thread 1-2) WFLYJCA0009: Starting JCA Subsystem (WildFly/IronJacamar 1.4.6.Final)
2018-02-07 17:55:03,788 INFO  [org.jboss.as.naming] (ServerService Thread Pool -- 37) WFLYNAM0001: Activating Naming Subsystem
2018-02-07 17:55:03,804 INFO  [org.jboss.as.jaxrs] (ServerService Thread Pool -- 32) WFLYRS0016: RESTEasy version 3.0.24.Final
2018-02-07 17:55:03,814 INFO  [org.jboss.as.security] (MSC service thread 1-3) WFLYSEC0001: Current PicketBox version=5.0.2.Final
2018-02-07 17:55:03,943 INFO  [org.jboss.as.connector.subsystems.datasources] (ServerService Thread Pool -- 26) WFLYJCA0004: Deploying JDBC-compliant driver class org.h2.Driver (version 1.4)
2018-02-07 17:55:03,945 INFO  [org.jboss.as.connector.deployers.jdbc] (MSC service thread 1-1) WFLYJCA0018: Started Driver service with driver-name = h2
2018-02-07 17:55:04,088 INFO  [org.jboss.as.naming] (MSC service thread 1-6) WFLYNAM0003: Starting Naming Service
2018-02-07 17:55:04,089 INFO  [org.jboss.as.mail.extension] (MSC service thread 1-1) WFLYMAIL0001: Bound mail session [java:jboss/mail/Default]
2018-02-07 17:55:04,372 INFO  [org.wildfly.extension.undertow] (MSC service thread 1-1) WFLYUT0003: Undertow 1.4.18.Final starting
2018-02-07 17:55:04,665 INFO  [org.jboss.as.ejb3] (MSC service thread 1-5) WFLYEJB0481: Strict pool slsb-strict-max-pool is using a max instance size of 64 (per class), which is derived from thread worker pool sizing.
2018-02-07 17:55:04,661 INFO  [org.jboss.as.ejb3] (MSC service thread 1-7) WFLYEJB0482: Strict pool mdb-strict-max-pool is using a max instance size of 16 (per class), which is derived from the number of CPUs on this host.
2018-02-07 17:55:04,744 INFO  [org.wildfly.extension.undertow] (ServerService Thread Pool -- 44) WFLYUT0014: Creating file handler for path '/home/chlupnoha/IdeaProjects/jee/keycloak/keycloak-3.4.0.Final/welcome-content' with options [directory-listing: 'false', follow-symlink: 'false', case-sensitive: 'true', safe-symlink-paths: '[]']
2018-02-07 17:55:04,836 INFO  [org.wildfly.extension.undertow] (MSC service thread 1-6) WFLYUT0012: Started server default-server.
2018-02-07 17:55:04,837 INFO  [org.wildfly.extension.undertow] (MSC service thread 1-1) WFLYUT0018: Host default-host starting
2018-02-07 17:55:04,964 INFO  [org.jboss.as.patching] (MSC service thread 1-1) WFLYPAT0050: Keycloak cumulative patch ID is: base, one-off patches include: none
2018-02-07 17:55:04,977 INFO  [org.wildfly.extension.undertow] (MSC service thread 1-6) WFLYUT0006: Undertow HTTP listener default listening on 127.0.0.1:8180
2018-02-07 17:55:04,978 WARN  [org.jboss.as.domain.management.security] (MSC service thread 1-2) WFLYDM0111: Keystore /home/chlupnoha/IdeaProjects/jee/keycloak/keycloak-3.4.0.Final/standalone/configuration/application.keystore not found, it will be auto generated on first use with a self signed certificate for host localhost
2018-02-07 17:55:04,988 INFO  [org.jboss.as.server.deployment.scanner] (MSC service thread 1-7) WFLYDS0013: Started FileSystemDeploymentService for directory /home/chlupnoha/IdeaProjects/jee/keycloak/keycloak-3.4.0.Final/standalone/deployments
2018-02-07 17:55:05,044 INFO  [org.jboss.as.server.deployment] (MSC service thread 1-4) WFLYSRV0027: Starting deployment of "keycloak-server.war" (runtime-name: "keycloak-server.war")
2018-02-07 17:55:05,062 INFO  [org.jboss.as.ejb3] (MSC service thread 1-3) WFLYEJB0493: EJB subsystem suspension complete
2018-02-07 17:55:05,446 INFO  [org.jboss.as.connector.subsystems.datasources] (MSC service thread 1-4) WFLYJCA0001: Bound data source [java:jboss/datasources/KeycloakDS]
2018-02-07 17:55:05,453 INFO  [org.wildfly.extension.undertow] (MSC service thread 1-2) WFLYUT0006: Undertow HTTPS listener https listening on 127.0.0.1:8543
2018-02-07 17:55:05,462 INFO  [org.jboss.as.connector.subsystems.datasources] (MSC service thread 1-1) WFLYJCA0001: Bound data source [java:jboss/datasources/ExampleDS]
2018-02-07 17:55:06,413 INFO  [org.infinispan.factories.GlobalComponentRegistry] (MSC service thread 1-7) ISPN000128: Infinispan version: Infinispan 'Chakra' 8.2.8.Final
2018-02-07 17:55:07,042 INFO  [org.jboss.as.clustering.infinispan] (ServerService Thread Pool -- 54) WFLYCLINF0002: Started sessions cache from keycloak container
2018-02-07 17:55:07,043 INFO  [org.jboss.as.clustering.infinispan] (ServerService Thread Pool -- 52) WFLYCLINF0002: Started keys cache from keycloak container
2018-02-07 17:55:07,043 INFO  [org.jboss.as.clustering.infinispan] (ServerService Thread Pool -- 50) WFLYCLINF0002: Started loginFailures cache from keycloak container
2018-02-07 17:55:07,044 INFO  [org.jboss.as.clustering.infinispan] (ServerService Thread Pool -- 55) WFLYCLINF0002: Started offlineSessions cache from keycloak container
2018-02-07 17:55:07,044 INFO  [org.jboss.as.clustering.infinispan] (ServerService Thread Pool -- 51) WFLYCLINF0002: Started realms cache from keycloak container
2018-02-07 17:55:07,044 INFO  [org.jboss.as.clustering.infinispan] (ServerService Thread Pool -- 48) WFLYCLINF0002: Started authorization cache from keycloak container
2018-02-07 17:55:07,044 INFO  [org.jboss.as.clustering.infinispan] (ServerService Thread Pool -- 53) WFLYCLINF0002: Started actionTokens cache from keycloak container
2018-02-07 17:55:07,051 INFO  [org.jboss.as.clustering.infinispan] (ServerService Thread Pool -- 46) WFLYCLINF0002: Started work cache from keycloak container
2018-02-07 17:55:07,053 INFO  [org.jboss.as.clustering.infinispan] (ServerService Thread Pool -- 49) WFLYCLINF0002: Started authenticationSessions cache from keycloak container
2018-02-07 17:55:07,056 INFO  [org.jboss.as.clustering.infinispan] (ServerService Thread Pool -- 47) WFLYCLINF0002: Started users cache from keycloak container
2018-02-07 17:55:07,059 INFO  [org.jboss.as.clustering.infinispan] (ServerService Thread Pool -- 56) WFLYCLINF0002: Started client-mappings cache from ejb container
2018-02-07 17:55:09,074 INFO  [org.keycloak.services] (ServerService Thread Pool -- 56) KC-SERVICES0001: Loading config from standalone.xml or domain.xml
2018-02-07 17:55:09,875 INFO  [org.jboss.as.clustering.infinispan] (ServerService Thread Pool -- 56) WFLYCLINF0002: Started realmRevisions cache from keycloak container
2018-02-07 17:55:09,883 INFO  [org.jboss.as.clustering.infinispan] (ServerService Thread Pool -- 56) WFLYCLINF0002: Started userRevisions cache from keycloak container
2018-02-07 17:55:09,889 INFO  [org.jboss.as.clustering.infinispan] (ServerService Thread Pool -- 56) WFLYCLINF0002: Started authorizationRevisions cache from keycloak container
2018-02-07 17:55:09,892 INFO  [org.keycloak.connections.infinispan.DefaultInfinispanConnectionProviderFactory] (ServerService Thread Pool -- 56) Node name: chlupnoha-z97-d3h, Site name: null
2018-02-07 17:55:13,393 INFO  [org.hibernate.jpa.internal.util.LogHelper] (ServerService Thread Pool -- 56) HHH000204: Processing PersistenceUnitInfo [
	name: keycloak-default
	...]
2018-02-07 17:55:13,497 INFO  [org.hibernate.Version] (ServerService Thread Pool -- 56) HHH000412: Hibernate Core {5.1.10.Final}
2018-02-07 17:55:13,499 INFO  [org.hibernate.cfg.Environment] (ServerService Thread Pool -- 56) HHH000206: hibernate.properties not found
2018-02-07 17:55:13,500 INFO  [org.hibernate.cfg.Environment] (ServerService Thread Pool -- 56) HHH000021: Bytecode provider name : javassist
2018-02-07 17:55:13,567 INFO  [org.hibernate.annotations.common.Version] (ServerService Thread Pool -- 56) HCANN000001: Hibernate Commons Annotations {5.0.1.Final}
2018-02-07 17:55:13,849 INFO  [org.hibernate.dialect.Dialect] (ServerService Thread Pool -- 56) HHH000400: Using dialect: org.hibernate.dialect.H2Dialect
2018-02-07 17:55:13,858 WARN  [org.hibernate.dialect.H2Dialect] (ServerService Thread Pool -- 56) HHH000431: Unable to determine H2 database version, certain features may not work
2018-02-07 17:55:13,949 INFO  [org.hibernate.envers.boot.internal.EnversServiceImpl] (ServerService Thread Pool -- 56) Envers integration enabled? : true
2018-02-07 17:55:14,660 INFO  [org.hibernate.validator.internal.util.Version] (ServerService Thread Pool -- 56) HV000001: Hibernate Validator 5.3.5.Final
2018-02-07 17:55:15,447 INFO  [org.hibernate.hql.internal.QueryTranslatorFactoryInitiator] (ServerService Thread Pool -- 56) HHH000397: Using ASTQueryTranslatorFactory
2018-02-07 17:55:16,326 INFO  [org.jboss.resteasy.resteasy_jaxrs.i18n] (ServerService Thread Pool -- 56) RESTEASY002225: Deploying javax.ws.rs.core.Application: class org.keycloak.services.resources.KeycloakApplication
2018-02-07 17:55:16,328 INFO  [org.jboss.resteasy.resteasy_jaxrs.i18n] (ServerService Thread Pool -- 56) RESTEASY002200: Adding class resource org.keycloak.services.resources.ThemeResource from Application class org.keycloak.services.resources.KeycloakApplication
2018-02-07 17:55:16,328 INFO  [org.jboss.resteasy.resteasy_jaxrs.i18n] (ServerService Thread Pool -- 56) RESTEASY002200: Adding class resource org.keycloak.services.resources.JsResource from Application class org.keycloak.services.resources.KeycloakApplication
2018-02-07 17:55:16,328 INFO  [org.jboss.resteasy.resteasy_jaxrs.i18n] (ServerService Thread Pool -- 56) RESTEASY002205: Adding provider class org.keycloak.services.filters.KeycloakTransactionCommitter from Application class org.keycloak.services.resources.KeycloakApplication
2018-02-07 17:55:16,328 INFO  [org.jboss.resteasy.resteasy_jaxrs.i18n] (ServerService Thread Pool -- 56) RESTEASY002210: Adding provider singleton org.keycloak.services.util.ObjectMapperResolver from Application class org.keycloak.services.resources.KeycloakApplication
2018-02-07 17:55:16,328 INFO  [org.jboss.resteasy.resteasy_jaxrs.i18n] (ServerService Thread Pool -- 56) RESTEASY002220: Adding singleton resource org.keycloak.services.resources.WelcomeResource from Application class org.keycloak.services.resources.KeycloakApplication
2018-02-07 17:55:16,328 INFO  [org.jboss.resteasy.resteasy_jaxrs.i18n] (ServerService Thread Pool -- 56) RESTEASY002220: Adding singleton resource org.keycloak.services.resources.RobotsResource from Application class org.keycloak.services.resources.KeycloakApplication
2018-02-07 17:55:16,328 INFO  [org.jboss.resteasy.resteasy_jaxrs.i18n] (ServerService Thread Pool -- 56) RESTEASY002220: Adding singleton resource org.keycloak.services.resources.ServerVersionResource from Application class org.keycloak.services.resources.KeycloakApplication
2018-02-07 17:55:16,329 INFO  [org.jboss.resteasy.resteasy_jaxrs.i18n] (ServerService Thread Pool -- 56) RESTEASY002220: Adding singleton resource org.keycloak.services.resources.RealmsResource from Application class org.keycloak.services.resources.KeycloakApplication
2018-02-07 17:55:16,329 INFO  [org.jboss.resteasy.resteasy_jaxrs.i18n] (ServerService Thread Pool -- 56) RESTEASY002220: Adding singleton resource org.keycloak.services.resources.admin.AdminRoot from Application class org.keycloak.services.resources.KeycloakApplication
2018-02-07 17:55:16,404 INFO  [org.wildfly.extension.undertow] (ServerService Thread Pool -- 56) WFLYUT0021: Registered web context: '/auth' for server 'default-server'
2018-02-07 17:55:16,418 INFO  [org.jboss.as.server] (ServerService Thread Pool -- 45) WFLYSRV0010: Deployed "keycloak-server.war" (runtime-name : "keycloak-server.war")
2018-02-07 17:55:16,460 INFO  [org.jboss.as.server] (Controller Boot Thread) WFLYSRV0212: Resuming server
2018-02-07 17:55:16,462 INFO  [org.jboss.as] (Controller Boot Thread) WFLYSRV0060: Http management interface listening on http://127.0.0.1:10090/management
2018-02-07 17:55:16,462 INFO  [org.jboss.as] (Controller Boot Thread) WFLYSRV0051: Admin console listening on http://127.0.0.1:10090
2018-02-07 17:55:16,462 INFO  [org.jboss.as] (Controller Boot Thread) WFLYSRV0025: Keycloak 3.4.0.Final (WildFly Core 3.0.1.Final) started in 20627ms - Started 523 of 845 services (568 services are lazy, passive or on-demand)
